Starting preprocessing of the model file ...
Found 4 equation(s).
Evaluating expressions...done
Computing static model derivatives (order 1).
Computing dynamic model derivatives (order 2).
Processing outputs ...
done
Preprocessing completed.

STEADY-STATE RESULTS:

Y 		 25
C 		 120
I 		 -95
r 		 5.25

EIGENVALUES:
         Modulus             Real        Imaginary

          0.6667           0.6667                0


There are 0 eigenvalue(s) larger than 1 in modulus 
for 0 forward-looking variable(s)

The rank condition is verified.

warning: stoch_simul: using order = 1 because Hessian is equal to zero
warning: called from
    stoch_simul at line 43 column 5
    driver at line 194 column 27
    dynare at line 293 column 1


MODEL SUMMARY

  Number of variables:         4
  Number of stochastic shocks: 1
  Number of state variables:   1
  Number of jumpers:           0
  Number of static variables:  3


MATRIX OF COVARIANCE OF EXOGENOUS SHOCKS
Variables           v
v            1.000000

POLICY AND TRANSITION FUNCTIONS
                                   Y               C               I               r
Constant                   25.000000      120.000000      -95.000000        5.250000
Y(-1)                       0.666667        0.800000       -0.133333        0.006667
v                          -0.833333               0       -0.833333       -0.008333


THEORETICAL MOMENTS
VARIABLE         MEAN  STD. DEV.   VARIANCE
Y             25.0000     1.1180     1.2500
C            120.0000     0.8944     0.8000
I            -95.0000     0.8466     0.7167
r              5.2500     0.0112     0.0001



MATRIX OF CORRELATIONS
Variables         Y       C       I       r
Y            1.0000  0.6667  0.6163  1.0000
C            0.6667  1.0000 -0.1761  0.6667
I            0.6163 -0.1761  1.0000  0.6163
r            1.0000  0.6667  0.6163  1.0000



COEFFICIENTS OF AUTOCORRELATION
Order          1       2       3       4       5
Y         0.6667  0.4444  0.2963  0.1975  0.1317
C         0.6667  0.4444  0.2963  0.1975  0.1317
I        -0.1085 -0.0724 -0.0482 -0.0322 -0.0214
r         0.6667  0.4444  0.2963  0.1975  0.1317
Total computing time : 0h00m03s
Note: warning(s) encountered in MATLAB/Octave code
