Starting preprocessing of the model file ...
Found 4 equation(s).
Evaluating expressions...done
Computing static model derivatives (order 1).
Computing dynamic model derivatives (order 1).
Processing outputs ...
done
Preprocessing completed.

STEADY-STATE RESULTS:

C 		 4
Y 		 5
I 		 0
G 		 1

EIGENVALUES:
         Modulus             Real        Imaginary

          0.3456           0.3456                0
          0.6944           0.6944                0
             0.9              0.9                0


There are 0 eigenvalue(s) larger than 1 in modulus 
for 0 forward-looking variable(s)

The rank condition is verified.


MODEL SUMMARY

  Number of variables:         4
  Number of stochastic shocks: 1
  Number of state variables:   3
  Number of jumpers:           0
  Number of static variables:  1


MATRIX OF COVARIANCE OF EXOGENOUS SHOCKS
Variables           e
e            0.000100

POLICY AND TRANSITION FUNCTIONS
                                   C               Y               I               G
Constant                    4.000000        5.000000               0        1.000000
C(-1)                              0       -0.300000       -0.300000               0
Y(-1)                       0.800000        1.040000        0.240000               0
G(-1)                              0        0.900000               0        0.900000
e                                  0        1.000000               0        1.000000


MOMENTS OF SIMULATED VARIABLES
VARIABLE              MEAN       STD. DEV.        VARIANCE        SKEWNESS        KURTOSIS
C                 4.001664        0.009210        0.000085       -0.762469       -0.703462
Y                 5.002247        0.011506        0.000132       -0.807263       -0.652039
I                 0.000059        0.001428        0.000002       -0.072957        0.206807
G                 1.000524        0.005271        0.000028       -0.657088        0.000738


CORRELATION OF SIMULATED VARIABLES
VARIABLE         C       Y       I       G
C           1.0000  0.8657  0.2604  0.0718
Y           0.8657  1.0000  0.4516  0.5478
I           0.2604  0.4516  1.0000  0.2600
G           0.0718  0.5478  0.2600  1.0000


AUTOCORRELATION OF SIMULATED VARIABLES
VARIABLE         1       2       3       4       5
C           1.0379  0.7019  0.3939  0.1682 -0.1144
Y           1.4498  0.7431  0.3152  0.0454 -0.1703
I           0.4037  0.0479 -0.2898 -0.3969 -0.3884
G           0.0621  0.0992 -0.2685 -0.0355 -0.3247
Total computing time : 0h00m05s
Note: warning(s) encountered in MATLAB/Octave code
