Starting preprocessing of the model file ...
Found 4 equation(s).
Evaluating expressions...done
Computing static model derivatives (order 1).
Computing dynamic model derivatives (order 1).
Processing outputs ...
done
Preprocessing completed.

STEADY-STATE RESULTS:

C 		 -2
Y 		 -1
I 		 0
G 		 1

EIGENVALUES:
         Modulus             Real        Imaginary

           0.256            0.256                0
             0.9              0.9                0
           2.344            2.344                0


There are 1 eigenvalue(s) larger than 1 in modulus 
for 0 forward-looking variable(s)

The rank condition ISN'T verified!

error: Blanchard & Kahn conditions are not satisfied: no stable equilibrium.
error: called from
    print_info at line 32 column 5
    stoch_simul at line 103 column 5
    driver at line 179 column 27
    dynare at line 293 column 1
>> dynare Accelerator.mod
warning: X13 binary is not available.
If you are under Debian or Ubuntu, you can install it through your package manager, with 'apt install x13as'.
If you are under Windows or macOS, this probably means that you did not install the dseries toolbox through an official package.
Using 64-bit preprocessor
Starting Dynare (version 4.6.3).
Calling Dynare with arguments: none
Starting preprocessing of the model file ...
Found 4 equation(s).
Evaluating expressions...done
Computing static model derivatives (order 1).
Computing dynamic model derivatives (order 1).
Processing outputs ...
done
Preprocessing completed.


STEADY-STATE RESULTS:

C 		 4
Y 		 5
I 		 0
G 		 1

EIGENVALUES:
         Modulus             Real        Imaginary

          0.3456           0.3456                0
          0.6944           0.6944                0
             0.9              0.9                0


There are 0 eigenvalue(s) larger than 1 in modulus 
for 0 forward-looking variable(s)

The rank condition is verified.


MODEL SUMMARY

  Number of variables:         4
  Number of stochastic shocks: 1
  Number of state variables:   3
  Number of jumpers:           0
  Number of static variables:  1


MATRIX OF COVARIANCE OF EXOGENOUS SHOCKS
Variables           e
e            0.000100

POLICY AND TRANSITION FUNCTIONS
                                   C               Y               I               G
Constant                    4.000000        5.000000               0        1.000000
C(-1)                              0       -0.300000       -0.300000               0
Y(-1)                       0.800000        1.040000        0.240000               0
G(-1)                              0        0.900000               0        0.900000
e                                  0        1.000000               0        1.000000


THEORETICAL MOMENTS
VARIABLE         MEAN  STD. DEV.   VARIANCE
C              4.0000     0.0802     0.0064
Y              5.0000     0.1003     0.0101
I              0.0000     0.0041     0.0000
G              1.0000     0.0229     0.0005



MATRIX OF CORRELATIONS
Variables         C       Y       I       G
C            1.0000  0.9858  0.0843  0.7970
Y            0.9858  1.0000  0.2161  0.8855
I            0.0843  0.2161  1.0000  0.4726
G            0.7970  0.8855  0.4726  1.0000



COEFFICIENTS OF AUTOCORRELATION
Order          1       2       3       4       5
C         0.9858  0.9493  0.8984  0.8395  0.7771
Y         0.9858  0.9493  0.8984  0.8395  0.7771
I         0.7812  0.5084  0.2835  0.1209  0.0109
G         0.9000  0.8100  0.7290  0.6561  0.5905
Total computing time : 0h00m03s
Note: warning(s) encountered in MATLAB/Octave code
